2021-07-12 12:31:11 applet upgrade Cinnamenu@json 2021.04.23 2021.05.11
2021-07-12 12:37:38 theme upgrade CBlack 2020.05.03 2021.06.21
2021-07-12 12:37:39 applet upgrade Cinnamenu@json 2021.05.11 2021.07.11
2021-07-12 12:37:40 applet upgrade color-picker@fmete 2021.03.27 2021.06.10
2021-07-14 14:53:30 applet upgrade Cinnamenu@json 2021.07.11 2021.07.14
2021-07-25 09:52:19 applet upgrade Cinnamenu@json 2021.07.14 2021.07.14
2021-07-25 14:09:10 applet upgrade Cinnamenu@json 2021.07.14 2021.07.25
2021-07-25 14:09:11 applet upgrade color-picker@fmete 2021.06.10 2021.07.20
2021-07-31 20:27:10 applet upgrade Cinnamenu@json 2021.07.25 2021.07.31
2021-08-04 07:40:56 applet upgrade Cinnamenu@json 2021.07.31 2021.08.04
2021-08-07 21:02:47 applet upgrade Cinnamenu@json 2021.08.04 2021.08.06
2021-08-08 14:02:34 applet upgrade Cinnamenu@json 2021.08.06 2021.08.08
2021-08-09 12:29:42 applet upgrade Cinnamenu@json 2021.08.08 2021.08.09
2021-08-12 11:05:50 applet upgrade Cinnamenu@json 2021.08.09 2021.08.12
2021-08-17 17:51:56 applet upgrade Cinnamenu@json 2021.08.12 2021.08.14
2021-08-19 07:07:24 applet upgrade Cinnamenu@json 2021.08.14 2021.08.19
2021-08-22 08:11:06 applet upgrade Cinnamenu@json 2021.08.19 2021.08.21
2021-08-24 11:08:27 applet upgrade Cinnamenu@json 2021.08.21 2021.08.24
2021-08-26 09:53:52 applet upgrade Cinnamenu@json 2021.08.24 2021.08.25
2021-09-09 07:45:40 applet upgrade Cinnamenu@json 2021.08.25 2021.09.07
2021-09-17 09:03:40 applet upgrade Cinnamenu@json 2021.09.07 2021.09.15
2021-09-28 19:51:39 extension upgrade DesktopCube@yare 2021.04.11 2021.09.28
2021-09-28 19:51:40 extension upgrade Flipper@connerdev 2021.04.11 2021.09.28
2021-09-28 19:51:40 desklet upgrade simple-system-monitor@ariel 2021.04.10 2021.09.27
2021-09-28 19:51:41 desklet upgrade TimeAndDate@nightflame 2021.04.11 2021.09.27
2021-09-28 19:51:41 extension upgrade transparent-panels@germanfr 2021.03.03 2021.09.26
2021-10-10 20:27:21 desklet upgrade cpuload@kimse 2021.04.11 2021.09.28
2021-10-16 19:07:04 desklet upgrade cpuload@kimse 2021.09.28 2021.10.16
2021-11-05 11:42:16 applet upgrade Cinnamenu@json 2021.09.15 2021.10.30
2021-11-27 18:26:25 applet upgrade Cinnamenu@json 2021.10.30 2021.11.23
2021-11-27 18:26:26 applet upgrade color-picker@fmete 2021.07.20 2021.11.06
2021-11-27 18:26:27 desklet upgrade cpuload@kimse 2021.10.16 2021.11.23
2021-11-27 18:26:28 extension upgrade transparent-panels@germanfr 2021.09.26 2021.10.17
2021-12-05 12:10:59 applet upgrade Cinnamenu@json 2021.11.23 2021.12.05
2021-12-11 17:27:50 applet upgrade Cinnamenu@json 2021.12.05 2021.12.10
2021-12-11 17:27:50 applet upgrade color-picker@fmete 2021.11.06 2021.12.11
2021-12-11 17:27:51 desklet upgrade cpuload@kimse 2021.11.23 2021.12.06
2021-12-11 17:27:51 desklet upgrade simple-system-monitor@ariel 2021.09.27 2021.12.09
2021-12-11 17:27:52 desklet upgrade TimeAndDate@nightflame 2021.09.27 2021.12.09
2021-12-13 20:27:53 applet upgrade Cinnamenu@json 2021.12.10 2021.12.13
2021-12-17 10:10:30 applet upgrade Cinnamenu@json 2021.12.13 2021.12.16
2021-12-20 22:12:59 applet upgrade Cinnamenu@json 2021.12.16 2021.12.20
2021-12-27 19:53:16 applet upgrade Cinnamenu@json 2021.12.20 2021.12.26
2021-12-31 07:34:45 applet upgrade Cinnamenu@json 2021.12.26 2021.12.31
2021-12-31 07:34:46 desklet upgrade cpuload@kimse 2021.12.06 2021.12.28
2022-01-23 12:09:51 applet upgrade Cinnamenu@json 2021.12.31 2022.01.23
